R version 4.3.3 (2024-02-29) 
Loading required package: Rcpp
DADA2: 1.30.0 / Rcpp: 1.0.13 / RcppParallel: 5.1.9 
2) Filtering The filter removed all reads: /tmp/tmpwrgci5wn/filt_f/SRR2420280_L001_R1_001.fastq.gz and /tmp/tmpwrgci5wn/filt_r/SRR2420280_L001_R2_001.fastq.gz not written.
The filter removed all reads: /tmp/tmpwrgci5wn/filt_f/SRR2312703_L001_R1_001.fastq.gz and /tmp/tmpwrgci5wn/filt_r/SRR2312703_L001_R2_001.fastq.gz not written.
The filter removed all reads: /tmp/tmpwrgci5wn/filt_f/SRR3161878_L001_R1_001.fastq.gz and /tmp/tmpwrgci5wn/filt_r/SRR3161878_L001_R2_001.fastq.gz not written.
Some input samples had no reads pass the filter.
...............................................................................................................................................................................................................................................................................................................................................................................................................................................................................................................................................................................................................................................................................................................................................................................................................................................................................................................................................................................................................................................x......xx...................................................................................................................................................................................................................................................................................................................................................................................................................
3) Learning Error Rates
237242649 total bases in 1168683 reads from 4 samples will be used for learning the error rates.
175302450 total bases in 1168683 reads from 4 samples will be used for learning the error rates.
3) Denoise samples ........................................................................................................................................................................................................................................................................................................................................................................................................................................................................................................................................................................................................................................................................................................................................................................................................................................................................................................................................................................................................................................................................................................................................................................................................................................................................................................................................................................................................................................................................
...........................................................................................................................................................................................................................................................................................................................................................................................................................................................................................................................................................................................................................................................................................................................................................................................................................................................................................Duplicate sequences in merged output.
.............................................................................................................................................................................................................................................................................................................................................................................................................................................................................................................................................................................
Duplicate sequences detected and merged.
5) Remove chimeras (method = consensus)
6) Report read numbers through the pipeline
7) Write output
Running external command line application(s). This may print messages to stdout and/or stderr.
The command(s) being run are below. These commands cannot be manually re-run as they will depend on temporary files that no longer exist.

Command: run_dada.R --input_directory /tmp/tmpwrgci5wn/forward --input_directory_reverse /tmp/tmpwrgci5wn/reverse --output_path /tmp/tmpwrgci5wn/output.tsv.biom --output_track /tmp/tmpwrgci5wn/track.tsv --filtered_directory /tmp/tmpwrgci5wn/filt_f --filtered_directory_reverse /tmp/tmpwrgci5wn/filt_r --truncation_length 203 --truncation_length_reverse 150 --trim_left 0 --trim_left_reverse 0 --max_expected_errors 2.0 --max_expected_errors_reverse 2.0 --truncation_quality_score 2 --min_overlap 12 --pooling_method independent --chimera_method consensus --min_parental_fold 1.0 --allow_one_off False --num_threads 8 --learn_min_reads 1000000

Saved FeatureTable[Frequency] to: table-paired.qza
Saved FeatureData[Sequence] to: rep-seqs-paired.qza
Saved SampleData[DADA2Stats] to: denoising-stats-paired.qza
